This is pdfTeX, Version 3.141592653-2.6-1.40.24 (TeX Live 2022/Debian) (preloaded format=pdfetex 2023.11.5)  7 NOV 2024 16:52
entering extended mode
 restricted \write18 enabled.
 file:line:error style messages enabled.
 %&-line parsing enabled.
**\input ./manual.texi \input ./manual.texi \input ./manual.texi
(./manual.texi (/usr/share/texmf/tex/texinfo/texinfo.tex
Loading texinfo [version 2021-04-25.21]:
\outerhsize=\dimen16
\outervsize=\dimen17
\topandbottommargin=\dimen18
\bindingoffset=\dimen19
\normaloffset=\dimen20
\txipagewidth=\dimen21
\txipageheight=\dimen22
\defaultoutput=\toks13
\headlinebox=\box16
\footlinebox=\box17
\savedtopmark=\toks14
\margin=\insert252
\EMsimple=\toks15
\groupbox=\box18
\groupinvalidhelp=\toks16
\mil=\dimen23
\exdentamount=\skip18
\inmarginspacing=\skip19
\centerpenalty=\count27
 pdf,
\tempnum=\count28
\lnkcount=\count29
\filename=\toks17
\filenamelength=\count30
\pgn=\count31
\toksA=\toks18
\toksB=\toks19
\toksC=\toks20
\toksD=\toks21
\boxA=\box19
\boxB=\box20
\countA=\count32
\pagecount=\count33
\romancount=\count34
\arabiccount=\count35
\nopdfimagehelp=\toks22
 fonts,
\textleading=\dimen24
\sffam=\fam8
\fontdepth=\count36
 glyphs,
\errorbox=\box21
 page headings,
\titlepagetopglue=\skip20
\titlepagebottomglue=\skip21
\evenheadline=\toks23
\oddheadline=\toks24
\evenchapheadline=\toks25
\oddchapheadline=\toks26
\evenfootline=\toks27
\oddfootline=\toks28

tables,
\tableindent=\dimen25
\itemindent=\dimen26
\itemmargin=\dimen27
\itemmax=\dimen28
\itemno=\count37
\colcount=\count38
\everytab=\toks29
 conditionals,
\doignorecount=\count39
 indexing,
\dummybox=\box22
\whatsitskip=\skip22
\whatsitpenalty=\count40
\entryrightmargin=\dimen29
\thinshrinkable=\skip23
\partialpage=\box23
\doublecolumnhsize=\dimen30
\balancedcolumns=\box24
 sectioning,
\unnumberedno=\count41
\chapno=\count42
\secno=\count43
\subsecno=\count44
\subsubsecno=\count45
\appendixno=\count46
\absseclevel=\count47
\secbase=\count48
\chapheadingskip=\skip24
\secheadingskip=\skip25
\subsecheadingskip=\skip26
 toc,
\tocfile=\write0
\contentsrightmargin=\skip27
\savepageno=\count49
\lastnegativepageno=\count50
\tocindent=\dimen31
 environments,
\lispnarrowing=\skip28
\envskipamount=\skip29
\lskip=\skip30
\rskip=\skip31
\circthick=\dimen32
\cartouter=\dimen33
\cartinner=\dimen34
\normbskip=\skip32
\normpskip=\skip33
\normlskip=\skip34
\nonfillparindent=\dimen35
\tabw=\dimen36
\verbbox=\box25
 defuns,
\defbodyindent=\skip35
\defargsindent=\skip36
\deflastargmargin=\skip37
\defunpenalty=\count51
\parencount=\count52
\brackcount=\count53
 macros,
\paramno=\count54
\macname=\toks30

cross references,
\auxfile=\write1
\savesfregister=\count55
\toprefbox=\box26
\printedrefnamebox=\box27
\infofilenamebox=\box28
\printedmanualbox=\box29
 insertions,
\footnoteno=\count56
\SAVEfootins=\box30
\SAVEmargin=\box31

(/usr/share/texlive/texmf-dist/tex/generic/epsf/epsf.tex
This is `epsf.tex' v2.7.4 <14 February 2011>
\epsffilein=\read1
\epsfframemargin=\dimen37
\epsfframethickness=\dimen38
\epsfrsize=\dimen39
\epsftmp=\dimen40
\epsftsize=\dimen41
\epsfxsize=\dimen42
\epsfysize=\dimen43
\pspoints=\dimen44
)
\noepsfhelp=\toks31
 localization,
\nolanghelp=\toks32
\countUTFx=\count57
\countUTFy=\count58
\countUTFz=\count59
 formatting,
\defaultparindent=\dimen45
 and turning on texinfo input format.) [1{/var/lib/texmf/fonts/map/pdftex/updma
p/pdftex.map}] [2]
(/home/heron/Development/gnustep/libs-base/Documentation/manual/manual.toc
[-1] [-2] [-3] [-4]) [-5] [-6]
(/home/heron/Development/gnustep/libs-base/Documentation/manual/manual.toc)
(/home/heron/Development/gnustep/libs-base/Documentation/manual/manual.toc)
texinfo.tex: doing @include of foreword.texi


(/home/heron/Development/gnustep/libs-base/Documentation/manual/foreword.texi)
(Objective-C Programming Manual)
\openout0 = `manual.toc'.


(/home/heron/Development/gnustep/libs-base/Documentation/manual/manual.aux)
\openout1 = `manual.aux'.

texinfo.tex: doing @include of foreword.texi


(/home/heron/Development/gnustep/libs-base/Documentation/manual/foreword.texi)
texinfo.tex: doing @include of Introduction.texi


(/home/heron/Development/gnustep/libs-base/Documentation/manual/Introduction.te
xi Chapter 1 [1] [2]
@cpindfile=@write2
\openout2 = `manual.cp'.


Writing index file manual.cp
[3] [4] [5] [6] [7]
Overfull \hbox (65.36641pt too wide) in paragraph at lines 367--367
 [] @texttt * Declare the Test class that implements the class method (classStr
ingValue).[] |

@hbox(7.60416+2.43333)x433.62
.@glue(@leftskip) 50.58876
.@hbox(0.0+0.0)x0.0
.@penalty 10000
.@glue 5.74869
.@texttt *
.etc.

[8] [9])
texinfo.tex: doing @include of ObjcLanguage.texi


(/home/heron/Development/gnustep/libs-base/Documentation/manual/ObjcLanguage.te
xi Chapter 2 [10] [11] [12] [13] [14] [15]
Overfull \hbox (26.43913pt too wide) in paragraph at lines 408--408
 [] @texttt // compiler verifies, if anObject's type is known, that it is an NS
String:[] |

@hbox(7.60416+2.43333)x433.62
.@glue(@leftskip) 28.90755
.@hbox(0.0+0.0)x0.0
.@penalty 10000
.@glue 5.74869
.@texttt /
.etc.


Overfull \hbox (14.94176pt too wide) in paragraph at lines 410--410
 [] @texttt // now, compiler verifies that NSString declares an int 'length' me
thod:[] |

@hbox(7.60416+2.43333)x433.62
.@glue(@leftskip) 28.90755
.@hbox(0.0+0.0)x0.0
.@penalty 10000
.@glue 5.74869
.@texttt /
.etc.

[16] [17] [18] [19]
Underfull \hbox (badness 10000) in paragraph at lines 746--749
[]@textrm While @texttt NSString[]@textrm 's im-ple-men-ta-tion of @texttt stri
ngWithFormat:[] @textrm re-turns a @texttt NSString[]@textrm ,

@hbox(7.60416+2.43333)x433.62, glue set 4.43587
.@hbox(0.0+0.0)x0.0
.@textrm W
.@textrm h
.@textrm i
.@textrm l
.etc.

[20] [21] [22])
texinfo.tex: doing @include of WorkingWithObjects.texi


(/home/heron/Development/gnustep/libs-base/Documentation/manual/WorkingWithObje
cts.texi Chapter 3 [23] [24] [25]
Overfull \hbox (14.94176pt too wide) in paragraph at lines 263--263
 []    @texttt // now release reference to foo (do second since maybe newFoo ==
 foo)[] |

@hbox(7.60416+2.43333)x433.62
.@glue(@leftskip) 28.90755
.@hbox(0.0+0.0)x0.0
.@penalty 10000
.@glue 5.74869
.@penalty 10000
.etc.

[26] [27]
Underfull \hbox (badness 10000) in paragraph at lines 424--425
@texttt +alloc[] @textrm and

@hbox(7.60416+0.0)x108.405, glue set 28.83357
.@texttt +
.@texttt a
.@texttt l
.@texttt l
.@texttt o
.etc.


Underfull \hbox (badness 10000) in paragraph at lines 426--427
@texttt copyWithZone:[] @textrm and

@hbox(7.60416+2.43333)x108.405, glue set 6.78378
.@texttt c
.@texttt o
.@texttt p
.@texttt y
.@texttt W
.etc.


Overfull \hbox (12.31744pt too wide) in paragraph at lines 426--427
@texttt -mutableCopyWithZone:[]| 

@hbox(9.34993+3.85005)x108.405
.@texttt -
.@texttt m
.@texttt u
.@texttt t
.@texttt a
.etc.


Underfull \hbox (badness 10000) in paragraph at lines 428--429
@texttt -init[] @textrm and any

@hbox(7.60416+2.12917)x108.405, glue set 10.32509
.@texttt -
.@texttt i
.@texttt n
.@texttt i
.@texttt t
.etc.


Underfull \hbox (badness 10000) in paragraph at lines 431--432
@textrm whose name be-gins

@hbox(7.60416+2.12917)x108.405, glue set 4.58331
.@textrm w
.@textrm h
.@textrm o
.@textrm s
.@textrm e
.etc.


Underfull \hbox (badness 10000) in paragraph at lines 435--436
@textrm convenience

@hbox(7.31305+0.0)x108.405
.@textrm c
.@textrm o
.@textrm n
.@kern-0.30418
.@textrm v
.etc.

[28]
Underfull \hbox (badness 10000) in paragraph at lines 501--502
@texttt ASSIGNCOPY(foo,

@hbox(7.60416+1.52081)x108.405
.@texttt A
.@texttt S
.@texttt S
.@texttt I
.@texttt G
.etc.


Overfull \hbox (18.06613pt too wide) in paragraph at lines 504--505
@texttt ASSIGNMUTABLECOPY(foo,

@hbox(7.60416+1.52081)x108.405
.@texttt A
.@texttt S
.@texttt S
.@texttt I
.@texttt G
.etc.

[29] [30])
texinfo.tex: doing @include of WritingNewClasses.texi


(/home/heron/Development/gnustep/libs-base/Documentation/manual/WritingNewClass
es.texi Chapter 4 [31]
Overfull \hbox (37.93651pt too wide) in paragraph at lines 84--84
 []    @texttt // instance variables accessible to instances of this class or s
ubclasses[] |

@hbox(7.60416+0.91246)x433.62
.@glue(@leftskip) 28.90755
.@hbox(0.0+0.0)x0.0
.@penalty 10000
.@glue 5.74869
.@penalty 10000
.etc.

[32] [33]
Overfull \hbox (20.69044pt too wide) in paragraph at lines 239--239
 []@texttt + (id) newWithLowerLeft: (Point *)lowerLeft sideLength: (float)sideL
ength;[] |

@hbox(7.60416+2.43333)x433.62
.@glue(@leftskip) 28.90755
.@hbox(0.0+0.0)x0.0
.@texttt +
.@penalty 10000
.@glue 5.74869
.etc.


Overfull \hbox (26.43913pt too wide) in paragraph at lines 241--241
 []@texttt - (id) initWithLowerLeft: (Point *)lowerLeft sideLength: (float)side
Length;[] |

@hbox(7.60416+2.43333)x433.62
.@glue(@leftskip) 28.90755
.@hbox(0.0+0.0)x0.0
.@texttt -
.@penalty 10000
.@glue 5.74869
.etc.

[34] [35]
Overfull \hbox (20.69044pt too wide) in paragraph at lines 398--398
 []  @texttt point = [[self allocWithZone: NSDefaultMallocZone()] initWithX: x 
Y: y];[] |

@hbox(7.60416+2.43333)x433.62
.@glue(@leftskip) 28.90755
.@hbox(0.0+0.0)x0.0
.@penalty 10000
.@glue 5.74869
.@penalty 10000
.etc.

[36] [37] [38] [39] [40] [41] [42] [43] [44] [45] [46])
texinfo.tex: doing @include of AdvancedMessaging.texi


(/home/heron/Development/gnustep/libs-base/Documentation/manual/AdvancedMessagi
ng.texi Chapter 5 [47] [48]
Underfull \hbox (badness 6859) in paragraph at lines 36--45
[]@textrm In the mes-sage '@texttt [taskArray insertObject: anObj atIndex: i][]
@textrm ', the re-ceiver is

@hbox(7.60416+2.43333)x433.62, glue set 4.0962
.@hbox(0.0+0.0)x0.0
.@textrm I
.@textrm n
.@glue 3.65 plus 1.825 minus 1.21666
.@textrm t
.etc.

[49] [50]
Overfull \hbox (19.3769pt too wide) in paragraph at lines 177--177
 []  @texttt SEL  mySelector = NSSelectorFromString(@"removeObjectIdenticalTo:"
);[] |

@hbox(7.60416+2.43333)x433.62
.@glue(@leftskip) 50.58876
.@hbox(0.0+0.0)x0.0
.@penalty 10000
.@glue 5.74869
.@penalty 10000
.etc.


Overfull \hbox (49.43388pt too wide) in paragraph at lines 207--207
 []                                        @texttt // defined in SomeClass or a
 superclass[] |

@hbox(7.60416+2.43333)x433.62
.@glue(@leftskip) 28.90755
.@hbox(0.0+0.0)x0.0
.@penalty 10000
.@glue 5.74869
.@penalty 10000
.etc.

[51] [52] [53] [54])
texinfo.tex: doing @include of ExceptionHandling.texi


(/home/heron/Development/gnustep/libs-base/Documentation/manual/ExceptionHandli
ng.texi Chapter 6 [55]
Overfull \hbox (26.43913pt too wide) in paragraph at lines 96--96
 []      @texttt if ([[localException name] isEqualToString: MyFileNotFoundExce
ption])[] |

@hbox(7.60416+2.43333)x433.62
.@glue(@leftskip) 28.90755
.@hbox(0.0+0.0)x0.0
.@penalty 10000
.@glue 5.74869
.@penalty 10000
.etc.


Overfull \hbox (43.6852pt too wide) in paragraph at lines 100--100
 []      @texttt else if ([[localException name] isEqualToString: NSParseErrorE
xception])[] |

@hbox(7.60416+2.43333)x433.62
.@glue(@leftskip) 28.90755
.@hbox(0.0+0.0)x0.0
.@penalty 10000
.@glue 5.74869
.@penalty 10000
.etc.

[56]
Overfull \hbox (32.18782pt too wide) in paragraph at lines 190--190
 []                                    @texttt reason: @"[Description of the ca
use...]"[] |

@hbox(7.60416+2.43333)x433.62
.@glue(@leftskip) 28.90755
.@hbox(0.0+0.0)x0.0
.@penalty 10000
.@glue 5.74869
.@penalty 10000
.etc.

[57] [58]
Overfull \hbox (43.6852pt too wide) in paragraph at lines 294--294
 []@texttt 2004-05-08 22:46:14.294 SomeApp[15495] Error occurred reading file a
t line 20.[] |

@hbox(7.60416+2.43333)x433.62
.@glue(@leftskip) 28.90755
.@hbox(0.0+0.0)x0.0
.@texttt 2
.@texttt 0
.@texttt 0
.etc.

[59]
Overfull \hbox (20.69044pt too wide) in paragraph at lines 345--345
 []@texttt NSDebugLLog(@"ParseError", @"Error parsing file at line %d.", lineNu
mber);[] |

@hbox(7.60416+2.43333)x433.62
.@glue(@leftskip) 28.90755
.@hbox(0.0+0.0)x0.0
.@texttt N
.@texttt S
.@texttt D
.etc.

[60] [61]
Overfull \hbox (37.93651pt too wide) in paragraph at lines 497--497
 []@texttt Foo.m:126  Assertion failed in Foo(instance), method Bar.  X should 
have been[] |

@hbox(7.60416+1.52081)x433.62
.@glue(@leftskip) 28.90755
.@hbox(0.0+0.0)x0.0
.@texttt F
.@texttt o
.@texttt o
.etc.

[62])
texinfo.tex: doing @include of DistributedObjects.texi


(/home/heron/Development/gnustep/libs-base/Documentation/manual/DistributedObje
cts.texi Chapter 7 [63] [64] [65] [66] [67]
Overfull \hbox (37.93651pt too wide) in paragraph at lines 372--372
 [] @texttt /* main() function: Set up the program  as a 'Distibuted Objects Se
rver'. */[] |

@hbox(7.60416+2.43333)x433.62
.@glue(@leftskip) 28.90755
.@hbox(0.0+0.0)x0.0
.@penalty 10000
.@glue 5.74869
.@texttt /
.etc.

[68] [69] [70] [71] [72] [73] [74] [75] [76]
Overfull \hbox (37.93651pt too wide) in paragraph at lines 857--857
 []      @texttt aMessage = @"\nWell played: you can re-join GameServer at any 
time.\n";[] |

@hbox(7.60416+2.43333)x433.62
.@glue(@leftskip) 28.90755
.@hbox(0.0+0.0)x0.0
.@penalty 10000
.@glue 5.74869
.@penalty 10000
.etc.

[77]
Overfull \hbox (37.93651pt too wide) in paragraph at lines 868--868
 []      @texttt aMessage = @"\nYou lost, but you can re-join GameServer in 2 h
ours.\n";[] |

@hbox(7.60416+2.43333)x433.62
.@glue(@leftskip) 28.90755
.@hbox(0.0+0.0)x0.0
.@penalty 10000
.@glue 5.74869
.@penalty 10000
.etc.


Overfull \hbox (26.43913pt too wide) in paragraph at lines 893--893
 []  @texttt connXion = [NSConnection connectionWithReceivePort: port sendPort:
 port];[] |

@hbox(7.60416+2.43333)x433.62
.@glue(@leftskip) 28.90755
.@hbox(0.0+0.0)x0.0
.@penalty 10000
.@glue 5.74869
.@penalty 10000
.etc.

[78] [79]
Overfull \hbox (57.24536pt too wide) in paragraph at lines 984--984
 [] @texttt * The value that 'number' points to will be passed @textbf in @text
tt to the remote process.[] |

@hbox(7.60416+2.43333)x433.62
.@glue(@leftskip) 50.58876
.@hbox(0.0+0.0)x0.0
.@penalty 10000
.@glue 5.74869
.@texttt *
.etc.


Overfull \hbox (63.95224pt too wide) in paragraph at lines 990--990
 [] @texttt * The value that 'num-ber' points to will be passed @textbf out @te
xttt of the re-mote process.[] |

@hbox(6.95238+2.43333)x433.62
.@glue(@leftskip) 50.58876
.@hbox(0.0+0.0)x0.0
.@penalty 10000
.@glue 5.74869
.@texttt *
.etc.


Overfull \hbox (17.96274pt too wide) in paragraph at lines 997--997
 [] @texttt * pro-cess, but will even-tu-ally be the value that is passed @text
bf out @texttt of the[] |

@hbox(6.95238+2.43333)x433.62
.@glue(@leftskip) 50.58876
.@hbox(0.0+0.0)x0.0
.@penalty 10000
.@glue 5.74869
.@texttt *
.etc.


Overfull \hbox (30.87428pt too wide) in paragraph at lines 1021--1021
 [] @texttt * As a spe-cial case, a char (or equiv-a-lent type-def) passed by r
eference[] |

@hbox(7.60416+2.43333)x433.62
.@glue(@leftskip) 50.58876
.@hbox(0.0+0.0)x0.0
.@penalty 10000
.@glue 5.74869
.@texttt *
.etc.


Overfull \hbox (25.1256pt too wide) in paragraph at lines 1022--1022
 [] @texttt * is as-sumed to be a nul ter-mi-nated string ... there is no way t
o pass[] |

@hbox(6.69167+2.43333)x433.62
.@glue(@leftskip) 50.58876
.@hbox(0.0+0.0)x0.0
.@penalty 10000
.@glue 5.74869
.@texttt *
.etc.

[80]
Overfull \hbox (30.87428pt too wide) in paragraph at lines 1063--1063
 [] @texttt * The object will not be received in the remote process, but the ob
ject[] |

@hbox(6.69167+2.43333)x433.62
.@glue(@leftskip) 50.58876
.@hbox(0.0+0.0)x0.0
.@penalty 10000
.@glue 5.74869
.@texttt *
.etc.

[81] [82])
texinfo.tex: doing @include of BaseLibrary.texi


(/home/heron/Development/gnustep/libs-base/Documentation/manual/BaseLibrary.tex
i Chapter 8 [83] [84] [85] [86] [87]
Underfull \hbox (badness 8132) in paragraph at lines 347--352
@textrm ca-pa-bil-i-ties, @texttt NSString[] @textrm pro-vides a num-ber of pat
h-related meth-ods, such as

@hbox(7.60416+2.43333)x433.62, glue set 4.33511
.@textrm c
.@textrm a
.@discretionary
..@textrm -
.@textrm p
.@textrm a
.etc.


Underfull \hbox (badness 10000) in paragraph at lines 353--363
@texttt +fileHandleAsServerAtAddress:(NSString *)address service:(NSString *)se
rvice

@hbox(7.60416+2.43333)x433.62
.@texttt +
.@texttt f
.@texttt i
.@texttt l
.@texttt e
.etc.

[88]
Underfull \hbox (badness 10000) in paragraph at lines 449--451
 []@textrm Load ob-ject graph from byte buffer. Both @texttt NSUnarchiver[] @te
xtrm and

@hbox(7.60416+2.12917)x433.62, glue set 4.42369
.@glue(@leftskip) 57.81621
.@hbox(0.0+0.0)x0.0
.@textrm L
.@textrm o
.@textrm a
.etc.

[89] [90]
Overfull \hbox (43.6852pt too wide) in paragraph at lines 515--515
 []  @texttt self = [super initWithCoder:coder];  // always assign 'self' to su
per init..[] |

@hbox(7.60416+2.43333)x433.62
.@glue(@leftskip) 28.90755
.@hbox(0.0+0.0)x0.0
.@penalty 10000
.@glue 5.74869
.@penalty 10000
.etc.


Overfull \hbox (26.43913pt too wide) in paragraph at lines 528--528
 []      @texttt censusData = [[coder decodeObjectForKey: @"City.censusData"] r
etain];[] |

@hbox(7.60416+2.43333)x433.62
.@glue(@leftskip) 28.90755
.@hbox(0.0+0.0)x0.0
.@penalty 10000
.@glue 5.74869
.@penalty 10000
.etc.

[91]
Overfull \hbox (49.43388pt too wide) in paragraph at lines 611--611
 []@texttt id narrowObject = [NSProtocolChecker protocolCheckerWithTarget: vers
atileObject[] |

@hbox(7.60416+2.43333)x433.62
.@glue(@leftskip) 28.90755
.@hbox(0.0+0.0)x0.0
.@texttt i
.@texttt d
.@penalty 10000
.etc.


Overfull \hbox (55.18257pt too wide) in paragraph at lines 612--612
 []                                     @texttt protocol: @protocol(SomeSpecifi
cProtocol)];[] |

@hbox(7.60416+2.43333)x433.62
.@glue(@leftskip) 28.90755
.@hbox(0.0+0.0)x0.0
.@penalty 10000
.@glue 5.74869
.@penalty 10000
.etc.

[92]
Underfull \hbox (badness 10000) in paragraph at lines 692--699
 @texttt +fileHandleAsServerAtAddress:(NSString *)address service:(NSString

@hbox(7.60416+2.43333)x433.62
.@glue(@leftskip) 57.81621
.@texttt +
.@texttt f
.@texttt i
.@texttt l
.etc.


Underfull \hbox (badness 10000) in paragraph at lines 692--699
 @texttt *)service protocol:(NSString *)protocol[] @textrm and cor-re-spond-ing
 client

@hbox(7.60416+2.43333)x433.62, glue set 6.3237
.@glue(@leftskip) 57.81621
.@texttt *
.@texttt )
.@texttt s
.@texttt e
.etc.


Underfull \hbox (badness 10000) in paragraph at lines 699--706
 @textrm through @texttt NSURL -loadResourceDataNotifyingClient:usingCache:[] @
textrm or

@hbox(7.60416+2.43333)x433.62, glue set 9.7691
.@glue(@leftskip) 57.81621
.@textrm t
.@textrm h
.@textrm r
.@textrm o
.etc.

[93] [94]
Overfull \hbox (32.18782pt too wide) in paragraph at lines 793--793
 []                         @texttt stringByAppendingPathComponent:@"bin/someBi
nary"]];[] |

@hbox(7.60416+2.43333)x433.62
.@glue(@leftskip) 28.90755
.@hbox(0.0+0.0)x0.0
.@penalty 10000
.@glue 5.74869
.@penalty 10000
.etc.


Overfull \hbox (89.34998pt too wide) in paragraph at lines 815--824
@texttt NSThread[] @textrm and @texttt NSLock[] @textrm classes and sub-classes
. @texttt NSThread +detachNewThreadSelector:toTarget:withObject:[]|

@hbox(7.60416+2.43333)x433.62, glue set - 1.0
.@texttt N
.@texttt S
.@texttt T
.@texttt h
.@texttt r
.etc.

[95]
Overfull \hbox (44.27386pt too wide) in paragraph at lines 871--878
[]@texttt NSConditionLock[] @textrm stores an @texttt int[] @textrm to-gether w
ith its lock sta-tus. The @texttt -lockWhenCondition:(int)value[]|

@hbox(7.60416+2.12917)x433.62, glue set - 1.0
.@hbox(0.0+0.0)x0.0
.@texttt N
.@texttt S
.@texttt C
.@texttt o
.etc.

[96]
Overfull \hbox (37.93651pt too wide) in paragraph at lines 910--910
 []  @texttt comms = [[NSConnection alloc] initWithReceivePort: master sendPort
: slave];[] |

@hbox(7.60416+1.52081)x433.62
.@glue(@leftskip) 28.90755
.@hbox(0.0+0.0)x0.0
.@penalty 10000
.@glue 5.74869
.@penalty 10000
.etc.


Overfull \hbox (26.43913pt too wide) in paragraph at lines 928--928
 []  @texttt comms = [NSConnection connectionWithReceivePort: slave sendPort: m
aster];[] |

@hbox(7.60416+1.52081)x433.62
.@glue(@leftskip) 28.90755
.@hbox(0.0+0.0)x0.0
.@penalty 10000
.@glue 5.74869
.@penalty 10000
.etc.

[97] [98])
texinfo.tex: doing @include of GSDoc.texi


(/home/heron/Development/gnustep/libs-base/Documentation/manual/GSDoc.texi
Appendix A
Overfull \hbox (26.43913pt too wide) in paragraph at lines 42--42
 [] @texttt *  The point class represents 2-d locations independently of any gr
aphical[] |

@hbox(6.69167+2.43333)x433.62
.@glue(@leftskip) 28.90755
.@hbox(0.0+0.0)x0.0
.@penalty 10000
.@glue 5.74869
.@texttt *
.etc.

[99]
Overfull \hbox (61.49739pt too wide) in paragraph at lines 72--74
[]@textrm (Autogsdoc, like all GNUstep com-mand line tools, is found in the $$@
textsy f$@textrm GNUSTEP[]SYSTEM[]ROOT$@textsy g$@textrm /Tools|

@hbox(8.2125+2.73749)x433.62, glue set - 1.0
.@hbox(0.0+0.0)x0.0
.@textrm (
.@textrm A
.@textrm u
.@textrm t
.etc.

[100] [101])
texinfo.tex: doing @include of Bundles.texi


(/home/heron/Development/gnustep/libs-base/Documentation/manual/Bundles.texi
Appendix B [102] [103])
texinfo.tex: doing @include of ObjcAndJavaC++.texi


(/home/heron/Development/gnustep/libs-base/Documentation/manual/ObjcAndJavaC++.
texi Appendix C [104] [105] [106])
texinfo.tex: doing @include of JavaAndGuile.texi


(/home/heron/Development/gnustep/libs-base/Documentation/manual/JavaAndGuile.te
xi Appendix D [107] [108] [109])
texinfo.tex: doing @include of Compliance.texi


(/home/heron/Development/gnustep/libs-base/Documentation/manual/Compliance.texi
Appendix E [110]
@fnindfile=@write3
\openout3 = `manual.fn'.


Writing index file manual.fn
[111])
texinfo.tex: doing @include of GNUstepMake.texi


(/home/heron/Development/gnustep/libs-base/Documentation/manual/GNUstepMake.tex
i Appendix F [112] [113]
Overfull \hbox (83.92601pt too wide) in paragraph at lines 104--104
 []@texttt GNUSTEP_MAKEFILES := $(shell gnustep-config --variable=GNUSTEP_MAKEF
ILES 2>/dev/null)[] |

@hbox(7.60416+2.43333)x433.62
.@glue(@leftskip) 28.90755
.@hbox(0.0+0.0)x0.0
.@texttt G
.@texttt N
.@texttt U
.etc.

[114] [115]) (Concept Index) [116]
(/home/heron/Development/gnustep/libs-base/Documentation/manual/manual.cps
[117]) [118] ) 
Here is how much of TeX's memory you used:
 3576 strings out of 496993
 38509 string characters out of 6204671
 116718 words of memory out of 5000000
 4518 multiletter control sequences out of 15000+600000
 34203 words of font info for 119 fonts, out of 8000000 for 9000
 96 hyphenation exceptions out of 8191
 18i,6n,18p,517b,917s stack positions out of 10000i,1000n,20000p,200000b,200000s
</usr/share/texlive/texmf-dist/fonts/type1/public/amsfonts/cm/cmb
10.pfb></usr/share/texlive/texmf-dist/fonts/type1/public/amsfonts/cm/cmbx12.pfb
></usr/share/texlive/texmf-dist/fonts/type1/public/amsfonts/cm/cmmi10.pfb></usr
/share/texlive/texmf-dist/fonts/type1/public/amsfonts/cm/cmmi12.pfb></usr/share
/texlive/texmf-dist/fonts/type1/public/amsfonts/cm/cmmi9.pfb></usr/share/texliv
e/texmf-dist/fonts/type1/public/amsfonts/cm/cmr10.pfb></usr/share/texlive/texmf
-dist/fonts/type1/public/amsfonts/cm/cmr9.pfb></usr/share/texlive/texmf-dist/fo
nts/type1/public/amsfonts/cm/cmsltt10.pfb></usr/share/texlive/texmf-dist/fonts/
type1/public/amsfonts/cm/cmsy10.pfb></usr/share/texlive/texmf-dist/fonts/type1/
public/amsfonts/cm/cmti10.pfb></usr/share/texlive/texmf-dist/fonts/type1/public
/amsfonts/cm/cmtt10.pfb></usr/share/texlive/texmf-dist/fonts/type1/public/amsfo
nts/cm/cmtt12.pfb></usr/share/texlive/texmf-dist/fonts/type1/public/amsfonts/cm
/cmtt9.pfb>
Output written on manual.pdf (126 pages, 470794 bytes).
PDF statistics:
 1540 PDF objects out of 1728 (max. 8388607)
 1379 compressed objects within 14 object streams
 138 named destinations out of 1000 (max. 500000)
 1381 words of extra memory for PDF output out of 10000 (max. 10000000)

