This is pdfTeX, Version 3.141592653-2.6-1.40.24 (TeX Live 2022/Debian) (preloaded format=pdfetex 2023.11.5)  7 NOV 2024 19:58
entering extended mode
 restricted \write18 enabled.
 file:line:error style messages enabled.
 %&-line parsing enabled.
**\input ./AppKit.texi \input ./AppKit.texi
(./AppKit.texi (/usr/share/texmf/tex/texinfo/texinfo.tex
Loading texinfo [version 2021-04-25.21]:
\outerhsize=\dimen16
\outervsize=\dimen17
\topandbottommargin=\dimen18
\bindingoffset=\dimen19
\normaloffset=\dimen20
\txipagewidth=\dimen21
\txipageheight=\dimen22
\defaultoutput=\toks13
\headlinebox=\box16
\footlinebox=\box17
\savedtopmark=\toks14
\margin=\insert252
\EMsimple=\toks15
\groupbox=\box18
\groupinvalidhelp=\toks16
\mil=\dimen23
\exdentamount=\skip18
\inmarginspacing=\skip19
\centerpenalty=\count27
 pdf,
\tempnum=\count28
\lnkcount=\count29
\filename=\toks17
\filenamelength=\count30
\pgn=\count31
\toksA=\toks18
\toksB=\toks19
\toksC=\toks20
\toksD=\toks21
\boxA=\box19
\boxB=\box20
\countA=\count32
\pagecount=\count33
\romancount=\count34
\arabiccount=\count35
\nopdfimagehelp=\toks22
 fonts,
\textleading=\dimen24
\sffam=\fam8
\fontdepth=\count36
 glyphs,
\errorbox=\box21
 page headings,
\titlepagetopglue=\skip20
\titlepagebottomglue=\skip21
\evenheadline=\toks23
\oddheadline=\toks24
\evenchapheadline=\toks25
\oddchapheadline=\toks26
\evenfootline=\toks27
\oddfootline=\toks28

tables,
\tableindent=\dimen25
\itemindent=\dimen26
\itemmargin=\dimen27
\itemmax=\dimen28
\itemno=\count37
\colcount=\count38
\everytab=\toks29
 conditionals,
\doignorecount=\count39
 indexing,
\dummybox=\box22
\whatsitskip=\skip22
\whatsitpenalty=\count40
\entryrightmargin=\dimen29
\thinshrinkable=\skip23
\partialpage=\box23
\doublecolumnhsize=\dimen30
\balancedcolumns=\box24
 sectioning,
\unnumberedno=\count41
\chapno=\count42
\secno=\count43
\subsecno=\count44
\subsubsecno=\count45
\appendixno=\count46
\absseclevel=\count47
\secbase=\count48
\chapheadingskip=\skip24
\secheadingskip=\skip25
\subsecheadingskip=\skip26
 toc,
\tocfile=\write0
\contentsrightmargin=\skip27
\savepageno=\count49
\lastnegativepageno=\count50
\tocindent=\dimen31
 environments,
\lispnarrowing=\skip28
\envskipamount=\skip29
\lskip=\skip30
\rskip=\skip31
\circthick=\dimen32
\cartouter=\dimen33
\cartinner=\dimen34
\normbskip=\skip32
\normpskip=\skip33
\normlskip=\skip34
\nonfillparindent=\dimen35
\tabw=\dimen36
\verbbox=\box25
 defuns,
\defbodyindent=\skip35
\defargsindent=\skip36
\deflastargmargin=\skip37
\defunpenalty=\count51
\parencount=\count52
\brackcount=\count53
 macros,
\paramno=\count54
\macname=\toks30

cross references,
\auxfile=\write1
\savesfregister=\count55
\toprefbox=\box26
\printedrefnamebox=\box27
\infofilenamebox=\box28
\printedmanualbox=\box29
 insertions,
\footnoteno=\count56
\SAVEfootins=\box30
\SAVEmargin=\box31

(/usr/share/texlive/texmf-dist/tex/generic/epsf/epsf.tex
This is `epsf.tex' v2.7.4 <14 February 2011>
\epsffilein=\read1
\epsfframemargin=\dimen37
\epsfframethickness=\dimen38
\epsfrsize=\dimen39
\epsftmp=\dimen40
\epsftsize=\dimen41
\epsfxsize=\dimen42
\epsfysize=\dimen43
\pspoints=\dimen44
)
\noepsfhelp=\toks31
 localization,
\nolanghelp=\toks32
\countUTFx=\count57
\countUTFy=\count58
\countUTFz=\count59
 formatting,
\defaultparindent=\dimen45
 and turning on texinfo input format.) [1{/var/lib/texmf/fonts/map/pdftex/updma
p/pdftex.map}] [2]
(/home/heron/Development/gnustep/libs-gui/Documentation/manual/AppKit.toc
[-1] [-2]) [-3]
(/home/heron/Development/gnustep/libs-gui/Documentation/manual/AppKit.toc)
(/home/heron/Development/gnustep/libs-gui/Documentation/manual/AppKit.toc)
texinfo.tex: doing @include of intro.texi


(/home/heron/Development/gnustep/libs-gui/Documentation/manual/intro.texi
Chapter 1
\openout0 = `AppKit.toc'.


(/home/heron/Development/gnustep/libs-gui/Documentation/manual/AppKit.aux)
\openout1 = `AppKit.aux'.


[1] [2] [3] [4])
texinfo.tex: doing @include of basicconcepts.texi


(/home/heron/Development/gnustep/libs-gui/Documentation/manual/basicconcepts.te
xi Chapter 2)
texinfo.tex: doing @include of gnustepapplication.texi


(/home/heron/Development/gnustep/libs-gui/Documentation/manual/gnustepapplicati
on.texi Chapter 3 [5]
@cpindfile=@write2
\openout2 = `AppKit.cp'.


Writing index file AppKit.cp
[6] [7] [8] [9])
texinfo.tex: doing @include of applicationmakefiles.texi


(/home/heron/Development/gnustep/libs-gui/Documentation/manual/applicationmakef
iles.texi Chapter 4 [10] [11])
texinfo.tex: doing @include of interfacefiles.texi


(/home/heron/Development/gnustep/libs-gui/Documentation/manual/interfacefiles.t
exi Chapter 5 [12] [13] [14] [15] [16])
texinfo.tex: doing @include of controls.texi


(/home/heron/Development/gnustep/libs-gui/Documentation/manual/controls.texi
Chapter 6 [17] [18]
Underfull \hbox (badness 10000) in paragraph at lines 107--108
@textrm or @texttt -addItemWithObjectValues:[] @textrm (for ar-rays), and then 
re-moved with

@hbox(8.2125+2.73749)x455.24408, glue set 9.22984
.@textrm o
.@textrm r
.@glue 3.65 plus 1.825 minus 1.21666
.@texttt -
.@texttt a
.etc.


Underfull \hbox (badness 10000) in paragraph at lines 107--108
@texttt -removeItemWithObjectValue:[] @textrm or @texttt -removeAllItems[]@text
rm . The items listed can be

@hbox(7.60416+2.43333)x455.24408, glue set 4.65558
.@texttt -
.@texttt r
.@texttt e
.@texttt m
.@texttt o
.etc.

[19]
Underfull \hbox (badness 10000) in paragraph at lines 121--122
@texttt -addItemWithTitle:[]@textrm /@texttt -addItemsWithTitles:[]@textrm , @t
exttt -insertItemWithTitle:atIndex:[] @textrm and

@hbox(8.2125+2.73749)x455.24408, glue set 8.91904
.@texttt -
.@texttt a
.@texttt d
.@texttt d
.@texttt I
.etc.

[20] [21])
texinfo.tex: doing @include of theviewconcept.texi


(/home/heron/Development/gnustep/libs-gui/Documentation/manual/theviewconcept.t
exi Chapter 7 [22] [23] [24] [25] [26])
texinfo.tex: doing @include of eventhandling.texi


(/home/heron/Development/gnustep/libs-gui/Documentation/manual/eventhandling.te
xi Chapter 8 [27] [28] [29] [30])
texinfo.tex: doing @include of tableviews.texi


(/home/heron/Development/gnustep/libs-gui/Documentation/manual/tableviews.texi
Chapter 9 [31]
Underfull \hbox (badness 7238) in paragraph at lines 61--62
[]@textrm If you want your table-view to be ed-itable, you will need to im-ple-
ment the

@hbox(7.60416+2.12917)x455.24408, glue set 4.17097
.@hbox(0.0+0.0)x0.0
.@textrm I
.@textrm f
.@glue 3.65 plus 1.825 minus 1.21666
.@textrm y
.etc.


Underfull \hbox (badness 10000) in paragraph at lines 61--62
@texttt -tableView:setObjectValue: forTableColumn:row:[] @textrm method. You us
e this to

@hbox(7.60416+2.43333)x455.24408, glue set 5.68576
.@texttt -
.@texttt t
.@texttt a
.@texttt b
.@texttt l
.etc.

[32]
Underfull \hbox (badness 10000) in paragraph at lines 65--67
@textrm in-clude @texttt -tableView:acceptDrop:row:dropOperation:[] @textrm and
 @texttt -tableView:validateDrop:

@hbox(7.60416+2.43333)x455.24408, glue set 4.50589
.@textrm i
.@textrm n
.@discretionary
..@textrm -
.@textrm c
.@textrm l
.etc.

)
texinfo.tex: doing @include of outlineviews.texi


(/home/heron/Development/gnustep/libs-gui/Documentation/manual/outlineviews.tex
i Chapter 10 [33])
texinfo.tex: doing @include of matrix.texi


(/home/heron/Development/gnustep/libs-gui/Documentation/manual/matrix.texi
Chapter 11 [34]
Underfull \hbox (badness 10000) in paragraph at lines 35--36
[]@textrm A ma-trix con-trol can be cre-at-ing by new @texttt NSMatrix[] @textr
m in-stance and then call-

@hbox(7.60416+2.12917)x455.24408, glue set 4.45862
.@hbox(0.0+0.0)x0.0
.@kern 0.0
.@textrm A
.@glue 3.65 plus 1.82317 minus 1.21786
.@textrm m
.etc.


Underfull \hbox (badness 10000) in paragraph at lines 35--36
@textrm ing @texttt -initWithFrame:mode:prototype:numberOfRows:numberOfColumns:
[] @textrm or

@hbox(7.31305+2.43333)x455.24408, glue set 23.12544
.@textrm i
.@textrm n
.@textrm g
.@glue 3.65 plus 1.825 minus 1.21666
.@texttt -
.etc.


Underfull \hbox (badness 10000) in paragraph at lines 35--36
@texttt -initWithFrame:mode:cellClass:numberOfRows:numberOfColumns:[]@textrm . 
The for-mer

@hbox(7.60416+0.0)x455.24408, glue set 7.43355
.@texttt -
.@texttt i
.@texttt n
.@texttt i
.@texttt t
.etc.

[35])
texinfo.tex: doing @include of browsers.texi


(/home/heron/Development/gnustep/libs-gui/Documentation/manual/browsers.texi
Chapter 12 [36]
Underfull \hbox (badness 10000) in paragraph at lines 56--57
@textrm Use @texttt -setSeparatesColumns:[] @textrm to have each col-umn drawn 
in a sep-a-rate pane.

@hbox(7.60416+2.43333)x455.24408, glue set 4.61995
.@textrm U
.@textrm s
.@textrm e
.@glue 3.65 plus 1.825 minus 1.21666
.@texttt -
.etc.


Underfull \hbox (badness 10000) in paragraph at lines 58--59
[]@textrm The types of op-er-a-tions per-mit-ted by the user can be changed as 
well.

@hbox(7.60416+2.12917)x455.24408, glue set 5.36934
.@hbox(0.0+0.0)x0.0
.@textrm T
.@textrm h
.@textrm e
.@glue 3.65 plus 1.825 minus 1.21666
.etc.


Underfull \hbox (badness 10000) in paragraph at lines 58--59
@texttt -setAllowsMultipleSelection:[] @textrm can be used to al-low mul-ti-ple
 se-lec-tion, while

@hbox(7.60416+2.43333)x455.24408, glue set 4.89088
.@texttt -
.@texttt s
.@texttt e
.@texttt t
.@texttt A
.etc.

[37])
texinfo.tex: doing @include of dataexchange.texi


(/home/heron/Development/gnustep/libs-gui/Documentation/manual/dataexchange.tex
i Chapter 13 [38]
@vrindfile=@write3
\openout3 = `AppKit.vr'.


Writing index file AppKit.vr
[39] [40]
Underfull \hbox (badness 10000) in paragraph at lines 140--141
[]@textrm When a drag event is ini-ti-ated, the @texttt -dragImage:at:offset: e
vent:pasteboard:

@hbox(7.60416+2.43333)x455.24408, glue set 4.64828
.@hbox(0.0+0.0)x0.0
.@kern 0.0
.@textrm W
.@textrm h
.@textrm e
.etc.

[41] [42] [43] [44] [45] [46]
Underfull \hbox (badness 6944) in paragraph at lines 363--364
[]@textrm An ap-pli-ca-tion reg-is-ters the ob-ject that will be pro-vid-ing se
r-vice(s) by call-ing

@hbox(8.2125+2.73749)x455.24408, glue set 4.11351
.@hbox(0.0+0.0)x0.0
.@textrm A
.@textrm n
.@glue 3.65 plus 1.825 minus 1.21666
.@textrm a
.etc.


Underfull \hbox (badness 10000) in paragraph at lines 385--386
 []@textrm So that GNUstep can check whether your ob-ject is able to ex-port th
e

@hbox(7.60416+2.12917)x455.24408, glue set 4.5342
.@glue(@leftskip) 21.68121
.@hbox(0.0+0.0)x0.0
.@textrm S
.@textrm o
.@glue 3.65 plus 1.825 minus 1.21666
.etc.


Underfull \hbox (badness 10000) in paragraph at lines 385--386
 @textrm paste-board types re-quested by the ser-vice, you must im-ple-ment the


@hbox(7.60416+2.12917)x455.24408, glue set 6.48851
.@glue(@leftskip) 21.68121
.@textrm p
.@textrm a
.@textrm s
.@textrm t
.etc.


Underfull \hbox (badness 10000) in paragraph at lines 389--390
 []@textrm If GNUstep gets a pos-i-tive an-swer to this method, it will then ca
ll

@hbox(7.60416+2.12917)x455.24408, glue set 5.1573
.@glue(@leftskip) 21.68121
.@hbox(0.0+0.0)x0.0
.@textrm I
.@textrm f
.@glue 3.65 plus 1.825 minus 1.21666
.etc.

[47]
Underfull \hbox (badness 10000) in paragraph at lines 393--394
 []@textrm If the ser-vice be-ing in-voked re-turns data, GNUstep will call

@hbox(7.60416+2.12917)x455.24408, glue set 8.74347
.@glue(@leftskip) 21.68121
.@hbox(0.0+0.0)x0.0
.@textrm I
.@textrm f
.@glue 3.65 plus 1.825 minus 1.21666
.etc.


Underfull \hbox (badness 10000) in paragraph at lines 393--394
 @texttt -readSelectionFromPasteboard:[] @textrm on your ob-ject when the ser-v
ice re-turns.

@hbox(7.60416+2.12917)x455.24408, glue set 5.4409
.@glue(@leftskip) 21.68121
.@texttt -
.@texttt r
.@texttt e
.@texttt a
.etc.

)
texinfo.tex: doing @include of images.texi

 (/home/heron/Development/gnustep/libs-gui/Documentation/manual/images.texi
Chapter 14 [48]
Underfull \hbox (badness 7238) in paragraph at lines 53--54
[]@textrm From here, an im-age can be drawn within a view us-ing any of the dra
w-

@hbox(7.60416+2.12917)x455.24408, glue set 4.17067
.@hbox(0.0+0.0)x0.0
.@textrm F
.@kern-0.91252
.@textrm r
.@textrm o
.etc.


Underfull \hbox (badness 10000) in paragraph at lines 59--60
[]@textrm Simply draw-ing an im-age into your view may be achieved with the

@hbox(7.60416+2.12917)x455.24408, glue set 6.70444
.@hbox(0.0+0.0)x0.0
.@textrm S
.@textrm i
.@textrm m
.@textrm p
.etc.


Underfull \hbox (badness 10000) in paragraph at lines 59--60
@texttt -drawRepresentation:inRect:[] @textrm method. In other cases, you may w
ish to

@hbox(7.60416+2.43333)x455.24408, glue set 5.36095
.@texttt -
.@texttt d
.@texttt r
.@texttt a
.@texttt w
.etc.


Underfull \hbox (badness 10000) in paragraph at lines 59--60
@textrm draw it onto a des-ti-na-tion sur-face with a com-posit-ing op-er-a-tio
n, in which

@hbox(7.60416+2.12917)x455.24408, glue set 4.9747
.@textrm d
.@textrm r
.@textrm a
.@kern-0.30418
.@textrm w
.etc.


Underfull \hbox (badness 10000) in paragraph at lines 59--60
@textrm case you can use the @texttt -drawAtPoint:fromRect:operation:fraction:[
] @textrm or

@hbox(7.60416+2.43333)x455.24408, glue set 9.53616
.@textrm c
.@textrm a
.@textrm s
.@textrm e
.@glue 3.65 plus 1.825 minus 1.21666
.etc.

[49] [50]
Underfull \hbox (badness 10000) in paragraph at lines 114--115
 []@textrm If nec-es-sary, it con-tains ini-tialis-ers for in-stan-ti-at-ing it
 from raw

@hbox(7.60416+2.12917)x455.24408, glue set 5.584
.@glue(@leftskip) 57.81621
.@hbox(0.0+0.0)x0.0
.@textrm I
.@textrm f
.@glue 3.65 plus 1.825 minus 1.21666
.etc.

)
texinfo.tex: doing @include of fdl.texi

 (/home/heron/Development/gnustep/libs-gui/Documentation/manual/fdl.texi
Appendix A [51] [52] [53] [54] [55] [56] [57]) (Concept Index) [58]
(/home/heron/Development/gnustep/libs-gui/Documentation/manual/AppKit.cps)
[59] ) 
Here is how much of TeX's memory you used:
 3480 strings out of 496993
 38203 string characters out of 6204671
 114216 words of memory out of 5000000
 4483 multiletter control sequences out of 15000+600000
 34203 words of font info for 119 fonts, out of 8000000 for 9000
 96 hyphenation exceptions out of 8191
 17i,6n,17p,1103b,713s stack positions out of 10000i,1000n,20000p,200000b,200000s
</usr/share/texlive/texmf-dist/fonts/type1/public/amsfonts/cm/cmbx12.pfb>
</usr/share/texlive/texmf-dist/fonts/type1/public/amsfonts/cm/cmcsc10.pfb></usr
/share/texlive/texmf-dist/fonts/type1/public/amsfonts/cm/cmmi10.pfb></usr/share
/texlive/texmf-dist/fonts/type1/public/amsfonts/cm/cmmi12.pfb></usr/share/texli
ve/texmf-dist/fonts/type1/public/amsfonts/cm/cmmi9.pfb></usr/share/texlive/texm
f-dist/fonts/type1/public/amsfonts/cm/cmr10.pfb></usr/share/texlive/texmf-dist/
fonts/type1/public/amsfonts/cm/cmr7.pfb></usr/share/texlive/texmf-dist/fonts/ty
pe1/public/amsfonts/cm/cmr9.pfb></usr/share/texlive/texmf-dist/fonts/type1/publ
ic/amsfonts/cm/cmsl10.pfb></usr/share/texlive/texmf-dist/fonts/type1/public/ams
fonts/cm/cmsl9.pfb></usr/share/texlive/texmf-dist/fonts/type1/public/amsfonts/c
m/cmsltt10.pfb></usr/share/texlive/texmf-dist/fonts/type1/public/amsfonts/cm/cm
sy10.pfb></usr/share/texlive/texmf-dist/fonts/type1/public/amsfonts/cm/cmti10.p
fb></usr/share/texlive/texmf-dist/fonts/type1/public/amsfonts/cm/cmtt10.pfb></u
sr/share/texlive/texmf-dist/fonts/type1/public/amsfonts/cm/cmtt9.pfb>
Output written on AppKit.pdf (64 pages, 390190 bytes).
PDF statistics:
 865 PDF objects out of 1000 (max. 8388607)
 773 compressed objects within 8 object streams
 88 named destinations out of 1000 (max. 500000)
 789 words of extra memory for PDF output out of 10000 (max. 10000000)

